2016/01/29 09:03:47 [error] [exception.CException] exception 'CException' with message 'CAssetManager.basePath "E:\Project\mobileplus\mobileplus\assets" is invalid. Please make sure the directory exists and is writable by the Web server process.' in C:\xampp\php\pear\yii\framework\web\CAssetManager.php:138
Stack trace:
#0 C:\xampp\php\pear\yii\framework\web\CAssetManager.php(123): CAssetManager->setBasePath('E:\\Project\\mobi...')
#1 C:\xampp\php\pear\yii\framework\web\CAssetManager.php(217): CAssetManager->getBasePath()
#2 E:\Project\mobileplus\mobileplus\protected\widgets\web\slider\Init.php(19): CAssetManager->publish('E:\\Project\\mobi...', false, 1, true)
#3 E:\Project\mobileplus\mobileplus\protected\widgets\web\slider\Init.php(10): Init->publishAssets()
#4 C:\xampp\php\pear\yii\framework\web\CWidgetFactory.php(147): Init->init(Object(IndexController))
#5 C:\xampp\php\pear\yii\framework\web\CBaseController.php(146): CWidgetFactory->createWidget(Object(IndexController), 'application.wid...', Array)
#6 C:\xampp\php\pear\yii\framework\web\CBaseController.php(180): CBaseController->createWidget('application.wid...', Array)
#7 E:\Project\mobileplus\mobileplus\protected\views\web\index\index.php(6): CBaseController->widget('application.wid...', Array)
#8 C:\xampp\php\pear\yii\framework\web\CBaseController.php(126): require('E:\\Project\\mobi...')
#9 C:\xampp\php\pear\yii\framework\web\CBaseController.php(95): CBaseController->renderInternal('E:\\Project\\mobi...', NULL, true)
#10 C:\xampp\php\pear\yii\framework\web\CController.php(869): CBaseController->renderFile('E:\\Project\\mobi...', NULL, true)
#11 C:\xampp\php\pear\yii\framework\web\CController.php(782): CController->renderPartial('index', NULL, true)
#12 E:\Project\mobileplus\mobileplus\protected\components\web\Controller.php(38): CController->render('index', NULL, false)
#13 E:\Project\mobileplus\mobileplus\protected\controllers\web\IndexController.php(7): Controller->render('index')
#14 C:\xampp\php\pear\yii\framework\web\actions\CInlineAction.php(49): IndexController->actionIndex()
#15 C:\xampp\php\pear\yii\framework\web\CController.php(308): CInlineAction->runWithParams(Array)
#16 C:\xampp\php\pear\yii\framework\web\CController.php(286): CController->runAction(Object(CInlineAction))
#17 C:\xampp\php\pear\yii\framework\web\CController.php(265): CController->runActionWithFilters(Object(CInlineAction), Array)
#18 C:\xampp\php\pear\yii\framework\web\CWebApplication.php(282): CController->run('')
#19 C:\xampp\php\pear\yii\framework\web\CWebApplication.php(141): CWebApplication->runController('index')
#20 C:\xampp\php\pear\yii\framework\base\CApplication.php(184): CWebApplication->processRequest()
#21 E:\Project\mobileplus\mobileplus\index_dev_123312.php(14): CApplication->run()
#22 {main}
REQUEST_URI=/index_dev_123312.php
---
2016/01/29 09:03:47 [trace] [system.CModule] Loading "log" application component
in E:\Project\mobileplus\mobileplus\index_dev_123312.php (14)
2016/01/29 09:03:47 [trace] [system.CModule] Loading "request" application component
in E:\Project\mobileplus\mobileplus\index_dev_123312.php (14)
2016/01/29 09:03:47 [trace] [system.CModule] Loading "urlManager" application component
in E:\Project\mobileplus\mobileplus\index_dev_123312.php (14)
2016/01/29 09:03:47 [trace] [system.CModule] Loading "themeManager" application component
in E:\Project\mobileplus\mobileplus\protected\components\web\Controller.php (38)
in E:\Project\mobileplus\mobileplus\protected\controllers\web\IndexController.php (7)
in E:\Project\mobileplus\mobileplus\index_dev_123312.php (14)
2016/01/29 09:03:47 [trace] [system.CModule] Loading "clientScript" application component
in E:\Project\mobileplus\mobileplus\protected\views\web\index\index.php (2)
in E:\Project\mobileplus\mobileplus\protected\components\web\Controller.php (38)
in E:\Project\mobileplus\mobileplus\protected\controllers\web\IndexController.php (7)
2016/01/29 09:03:47 [trace] [system.CModule] Loading "widgetFactory" application component
in E:\Project\mobileplus\mobileplus\protected\views\web\index\index.php (6)
in E:\Project\mobileplus\mobileplus\protected\components\web\Controller.php (38)
in E:\Project\mobileplus\mobileplus\protected\controllers\web\IndexController.php (7)
2016/01/29 09:03:47 [trace] [system.CModule] Loading "assetManager" application component
in E:\Project\mobileplus\mobileplus\protected\widgets\web\slider\Init.php (19)
in E:\Project\mobileplus\mobileplus\protected\widgets\web\slider\Init.php (10)
in E:\Project\mobileplus\mobileplus\protected\views\web\index\index.php (6)
2016/01/29 09:03:47 [trace] [system.CModule] Loading "coreMessages" application component
in E:\Project\mobileplus\mobileplus\protected\widgets\web\slider\Init.php (19)
in E:\Project\mobileplus\mobileplus\protected\widgets\web\slider\Init.php (10)
in E:\Project\mobileplus\mobileplus\protected\views\web\index\index.php (6)
2016/01/29 09:03:47 [error] [exception.CException] exception 'CException' with message 'CAssetManager.basePath "E:\Project\mobileplus\mobileplus\assets" is invalid. Please make sure the directory exists and is writable by the Web server process.' in C:\xampp\php\pear\yii\framework\web\CAssetManager.php:138
Stack trace:
#0 C:\xampp\php\pear\yii\framework\web\CAssetManager.php(123): CAssetManager->setBasePath('E:\\Project\\mobi...')
#1 C:\xampp\php\pear\yii\framework\web\CAssetManager.php(217): CAssetManager->getBasePath()
#2 E:\Project\mobileplus\mobileplus\protected\widgets\web\slider\Init.php(19): CAssetManager->publish('E:\\Project\\mobi...', false, 1, true)
#3 E:\Project\mobileplus\mobileplus\protected\widgets\web\slider\Init.php(10): Init->publishAssets()
#4 C:\xampp\php\pear\yii\framework\web\CWidgetFactory.php(147): Init->init(Object(IndexController))
#5 C:\xampp\php\pear\yii\framework\web\CBaseController.php(146): CWidgetFactory->createWidget(Object(IndexController), 'application.wid...', Array)
#6 C:\xampp\php\pear\yii\framework\web\CBaseController.php(180): CBaseController->createWidget('application.wid...', Array)
#7 E:\Project\mobileplus\mobileplus\protected\views\web\index\index.php(6): CBaseController->widget('application.wid...', Array)
#8 C:\xampp\php\pear\yii\framework\web\CBaseController.php(126): require('E:\\Project\\mobi...')
#9 C:\xampp\php\pear\yii\framework\web\CBaseController.php(95): CBaseController->renderInternal('E:\\Project\\mobi...', NULL, true)
#10 C:\xampp\php\pear\yii\framework\web\CController.php(869): CBaseController->renderFile('E:\\Project\\mobi...', NULL, true)
#11 C:\xampp\php\pear\yii\framework\web\CController.php(782): CController->renderPartial('index', NULL, true)
#12 E:\Project\mobileplus\mobileplus\protected\components\web\Controller.php(38): CController->render('index', NULL, false)
#13 E:\Project\mobileplus\mobileplus\protected\controllers\web\IndexController.php(7): Controller->render('index')
#14 C:\xampp\php\pear\yii\framework\web\actions\CInlineAction.php(49): IndexController->actionIndex()
#15 C:\xampp\php\pear\yii\framework\web\CController.php(308): CInlineAction->runWithParams(Array)
#16 C:\xampp\php\pear\yii\framework\web\CController.php(286): CController->runAction(Object(CInlineAction))
#17 C:\xampp\php\pear\yii\framework\web\CController.php(265): CController->runActionWithFilters(Object(CInlineAction), Array)
#18 C:\xampp\php\pear\yii\framework\web\CWebApplication.php(282): CController->run('')
#19 C:\xampp\php\pear\yii\framework\web\CWebApplication.php(141): CWebApplication->runController('index')
#20 C:\xampp\php\pear\yii\framework\base\CApplication.php(184): CWebApplication->processRequest()
#21 E:\Project\mobileplus\mobileplus\index_dev_123312.php(14): CApplication->run()
#22 {main}
REQUEST_URI=/index_dev_123312.php
---
2016/01/29 09:03:47 [trace] [system.CModule] Loading "errorHandler" application component
2016/01/29 09:04:01 [trace] [system.CModule] Loading "log" application component
in E:\Project\mobileplus\mobileplus\index_dev_123312.php (14)
2016/01/29 09:04:01 [trace] [system.CModule] Loading "request" application component
in E:\Project\mobileplus\mobileplus\index_dev_123312.php (14)
2016/01/29 09:04:01 [trace] [system.CModule] Loading "urlManager" application component
in E:\Project\mobileplus\mobileplus\index_dev_123312.php (14)
2016/01/29 09:04:01 [trace] [system.CModule] Loading "themeManager" application component
in E:\Project\mobileplus\mobileplus\protected\components\web\Controller.php (38)
in E:\Project\mobileplus\mobileplus\protected\controllers\web\IndexController.php (7)
in E:\Project\mobileplus\mobileplus\index_dev_123312.php (14)
2016/01/29 09:04:01 [trace] [system.CModule] Loading "clientScript" application component
in E:\Project\mobileplus\mobileplus\protected\views\web\index\index.php (2)
in E:\Project\mobileplus\mobileplus\protected\components\web\Controller.php (38)
in E:\Project\mobileplus\mobileplus\protected\controllers\web\IndexController.php (7)
2016/01/29 09:04:01 [trace] [system.CModule] Loading "widgetFactory" application component
in E:\Project\mobileplus\mobileplus\protected\views\web\index\index.php (6)
in E:\Project\mobileplus\mobileplus\protected\components\web\Controller.php (38)
in E:\Project\mobileplus\mobileplus\protected\controllers\web\IndexController.php (7)
2016/01/29 09:04:01 [trace] [system.CModule] Loading "assetManager" application component
in E:\Project\mobileplus\mobileplus\protected\widgets\web\slider\Init.php (19)
in E:\Project\mobileplus\mobileplus\protected\widgets\web\slider\Init.php (10)
in E:\Project\mobileplus\mobileplus\protected\views\web\index\index.php (6)
2016/01/29 09:04:01 [trace] [system.CModule] Loading "SEO" application component
in E:\Project\mobileplus\mobileplus\protected\views\web\layouts\_header.php (15)
in E:\Project\mobileplus\mobileplus\protected\views\web\layouts\main.php (1)
in E:\Project\mobileplus\mobileplus\protected\views\web\layouts\2column.php (10)
2016/01/29 09:04:01 [trace] [system.CModule] Loading "messages" application component
in E:\Project\mobileplus\mobileplus\protected\views\web\layouts\_header.php (16)
in E:\Project\mobileplus\mobileplus\protected\views\web\layouts\main.php (1)
in E:\Project\mobileplus\mobileplus\protected\views\web\layouts\2column.php (10)
2016/01/29 09:05:35 [error] [system.db.CDbCommand] CDbCommand::fetchAll() failed: SQLSTATE[42S02]: Base table or view not found: 1146 Table 'mobileplus.html' doesn't exist. The SQL statement executed was: SHOW FULL COLUMNS FROM `html`.
in E:\Project\mobileplus\mobileplus\protected\controllers\web\AboutController.php (5)
in E:\Project\mobileplus\mobileplus\index_dev_123312.php (14)
2016/01/29 09:05:35 [error] [exception.CDbException] exception 'CDbException' with message 'The table "html" for active record class "HtmlModel" cannot be found in the database.' in C:\xampp\php\pear\yii\framework\db\ar\CActiveRecord.php:2385
Stack trace:
#0 C:\xampp\php\pear\yii\framework\db\ar\CActiveRecord.php(411): CActiveRecordMetaData->__construct(Object(HtmlModel))
#1 C:\xampp\php\pear\yii\framework\db\ar\CActiveRecord.php(661): CActiveRecord->getMetaData()
#2 C:\xampp\php\pear\yii\framework\db\ar\CActiveRecord.php(1490): CActiveRecord->getTableSchema()
#3 E:\Project\mobileplus\mobileplus\protected\controllers\web\AboutController.php(5): CActiveRecord->findByPk(1)
#4 C:\xampp\php\pear\yii\framework\web\actions\CInlineAction.php(49): AboutController->actionIndex()
#5 C:\xampp\php\pear\yii\framework\web\CController.php(308): CInlineAction->runWithParams(Array)
#6 C:\xampp\php\pear\yii\framework\web\CController.php(286): CController->runAction(Object(CInlineAction))
#7 C:\xampp\php\pear\yii\framework\web\CController.php(265): CController->runActionWithFilters(Object(CInlineAction), Array)
#8 C:\xampp\php\pear\yii\framework\web\CWebApplication.php(282): CController->run('')
#9 C:\xampp\php\pear\yii\framework\web\CWebApplication.php(141): CWebApplication->runController('about')
#10 C:\xampp\php\pear\yii\framework\base\CApplication.php(184): CWebApplication->processRequest()
#11 E:\Project\mobileplus\mobileplus\index_dev_123312.php(14): CApplication->run()
#12 {main}
REQUEST_URI=/index_dev_123312.php/about
HTTP_REFERER=http://mobile.lc/index_dev_123312.php
---
2016/01/29 09:05:34 [trace] [system.CModule] Loading "log" application component
in E:\Project\mobileplus\mobileplus\index_dev_123312.php (14)
2016/01/29 09:05:34 [trace] [system.CModule] Loading "request" application component
in E:\Project\mobileplus\mobileplus\index_dev_123312.php (14)
2016/01/29 09:05:34 [trace] [system.CModule] Loading "urlManager" application component
in E:\Project\mobileplus\mobileplus\index_dev_123312.php (14)
2016/01/29 09:05:35 [trace] [system.db.ar.CActiveRecord] HtmlModel.findByPk()
in E:\Project\mobileplus\mobileplus\protected\controllers\web\AboutController.php (5)
in E:\Project\mobileplus\mobileplus\index_dev_123312.php (14)
2016/01/29 09:05:35 [trace] [system.CModule] Loading "db" application component
in E:\Project\mobileplus\mobileplus\protected\components\common\MainActiveRecord.php (35)
in E:\Project\mobileplus\mobileplus\protected\controllers\web\AboutController.php (5)
in E:\Project\mobileplus\mobileplus\index_dev_123312.php (14)
2016/01/29 09:05:35 [trace] [system.db.CDbConnection] Opening DB connection
in E:\Project\mobileplus\mobileplus\protected\components\common\MainActiveRecord.php (35)
in E:\Project\mobileplus\mobileplus\protected\controllers\web\AboutController.php (5)
in E:\Project\mobileplus\mobileplus\index_dev_123312.php (14)
2016/01/29 09:05:35 [trace] [system.db.CDbCommand] Querying SQL: SHOW FULL COLUMNS FROM `html`
in E:\Project\mobileplus\mobileplus\protected\controllers\web\AboutController.php (5)
in E:\Project\mobileplus\mobileplus\index_dev_123312.php (14)
2016/01/29 09:05:35 [trace] [system.CModule] Loading "coreMessages" application component
in E:\Project\mobileplus\mobileplus\protected\controllers\web\AboutController.php (5)
in E:\Project\mobileplus\mobileplus\index_dev_123312.php (14)
2016/01/29 09:05:35 [error] [system.db.CDbCommand] CDbCommand::fetchAll() failed: SQLSTATE[42S02]: Base table or view not found: 1146 Table 'mobileplus.html' doesn't exist. The SQL statement executed was: SHOW FULL COLUMNS FROM `html`.
in E:\Project\mobileplus\mobileplus\protected\controllers\web\AboutController.php (5)
in E:\Project\mobileplus\mobileplus\index_dev_123312.php (14)
2016/01/29 09:05:35 [error] [exception.CDbException] exception 'CDbException' with message 'The table "html" for active record class "HtmlModel" cannot be found in the database.' in C:\xampp\php\pear\yii\framework\db\ar\CActiveRecord.php:2385
Stack trace:
#0 C:\xampp\php\pear\yii\framework\db\ar\CActiveRecord.php(411): CActiveRecordMetaData->__construct(Object(HtmlModel))
#1 C:\xampp\php\pear\yii\framework\db\ar\CActiveRecord.php(661): CActiveRecord->getMetaData()
#2 C:\xampp\php\pear\yii\framework\db\ar\CActiveRecord.php(1490): CActiveRecord->getTableSchema()
#3 E:\Project\mobileplus\mobileplus\protected\controllers\web\AboutController.php(5): CActiveRecord->findByPk(1)
#4 C:\xampp\php\pear\yii\framework\web\actions\CInlineAction.php(49): AboutController->actionIndex()
#5 C:\xampp\php\pear\yii\framework\web\CController.php(308): CInlineAction->runWithParams(Array)
#6 C:\xampp\php\pear\yii\framework\web\CController.php(286): CController->runAction(Object(CInlineAction))
#7 C:\xampp\php\pear\yii\framework\web\CController.php(265): CController->runActionWithFilters(Object(CInlineAction), Array)
#8 C:\xampp\php\pear\yii\framework\web\CWebApplication.php(282): CController->run('')
#9 C:\xampp\php\pear\yii\framework\web\CWebApplication.php(141): CWebApplication->runController('about')
#10 C:\xampp\php\pear\yii\framework\base\CApplication.php(184): CWebApplication->processRequest()
#11 E:\Project\mobileplus\mobileplus\index_dev_123312.php(14): CApplication->run()
#12 {main}
REQUEST_URI=/index_dev_123312.php/about
HTTP_REFERER=http://mobile.lc/index_dev_123312.php
---
2016/01/29 09:05:35 [trace] [system.CModule] Loading "errorHandler" application component
2016/01/29 09:05:35 [trace] [system.CModule] Loading "themeManager" application component
2016/01/29 09:06:09 [trace] [system.CModule] Loading "log" application component
in E:\Project\mobileplus\mobileplus\index_dev_123312.php (14)
2016/01/29 09:06:09 [trace] [system.CModule] Loading "request" application component
in E:\Project\mobileplus\mobileplus\index_dev_123312.php (14)
2016/01/29 09:06:09 [trace] [system.CModule] Loading "urlManager" application component
in E:\Project\mobileplus\mobileplus\index_dev_123312.php (14)
2016/01/29 09:06:09 [trace] [system.CModule] Loading "themeManager" application component
in E:\Project\mobileplus\mobileplus\protected\components\web\Controller.php (38)
in E:\Project\mobileplus\mobileplus\protected\controllers\web\ProductController.php (12)
in E:\Project\mobileplus\mobileplus\index_dev_123312.php (14)
2016/01/29 09:06:09 [trace] [system.CModule] Loading "widgetFactory" application component
in E:\Project\mobileplus\mobileplus\protected\views\web\layouts\2column.php (1)
in E:\Project\mobileplus\mobileplus\protected\components\web\Controller.php (38)
in E:\Project\mobileplus\mobileplus\protected\controllers\web\ProductController.php (12)
2016/01/29 09:06:09 [trace] [system.CModule] Loading "SEO" application component
in E:\Project\mobileplus\mobileplus\protected\views\web\layouts\_header.php (15)
in E:\Project\mobileplus\mobileplus\protected\views\web\layouts\main.php (1)
in E:\Project\mobileplus\mobileplus\protected\views\web\layouts\2column.php (10)
2016/01/29 09:06:09 [trace] [system.CModule] Loading "messages" application component
in E:\Project\mobileplus\mobileplus\protected\views\web\layouts\_header.php (16)
in E:\Project\mobileplus\mobileplus\protected\views\web\layouts\main.php (1)
in E:\Project\mobileplus\mobileplus\protected\views\web\layouts\2column.php (10)
2016/01/29 09:06:09 [trace] [system.CModule] Loading "clientScript" application component
in E:\Project\mobileplus\mobileplus\protected\views\web\layouts\_header.php (20)
in E:\Project\mobileplus\mobileplus\protected\views\web\layouts\main.php (1)
in E:\Project\mobileplus\mobileplus\protected\views\web\layouts\2column.php (10)
2016/01/29 09:06:09 [trace] [system.CModule] Loading "assetManager" application component
in E:\Project\mobileplus\mobileplus\protected\components\web\Controller.php (38)
in E:\Project\mobileplus\mobileplus\protected\controllers\web\ProductController.php (12)
in E:\Project\mobileplus\mobileplus\index_dev_123312.php (14)
2016/01/29 09:09:12 [trace] [system.CModule] Loading "log" application component
in E:\Project\mobileplus\mobileplus\index_dev_123312.php (14)
2016/01/29 09:09:12 [trace] [system.CModule] Loading "request" application component
in E:\Project\mobileplus\mobileplus\index_dev_123312.php (14)
2016/01/29 09:09:12 [trace] [system.CModule] Loading "urlManager" application component
in E:\Project\mobileplus\mobileplus\index_dev_123312.php (14)
2016/01/29 09:09:12 [trace] [system.db.ar.CActiveRecord] HtmlModel.findByPk()
in E:\Project\mobileplus\mobileplus\protected\controllers\web\AboutController.php (5)
in E:\Project\mobileplus\mobileplus\index_dev_123312.php (14)
2016/01/29 09:09:12 [trace] [system.CModule] Loading "db" application component
in E:\Project\mobileplus\mobileplus\protected\components\common\MainActiveRecord.php (35)
in E:\Project\mobileplus\mobileplus\protected\controllers\web\AboutController.php (5)
in E:\Project\mobileplus\mobileplus\index_dev_123312.php (14)
2016/01/29 09:09:12 [trace] [system.db.CDbConnection] Opening DB connection
in E:\Project\mobileplus\mobileplus\protected\components\common\MainActiveRecord.php (35)
in E:\Project\mobileplus\mobileplus\protected\controllers\web\AboutController.php (5)
in E:\Project\mobileplus\mobileplus\index_dev_123312.php (14)
2016/01/29 09:09:12 [trace] [system.db.CDbCommand] Querying SQL: SHOW FULL COLUMNS FROM `html`
in E:\Project\mobileplus\mobileplus\protected\controllers\web\AboutController.php (5)
in E:\Project\mobileplus\mobileplus\index_dev_123312.php (14)
2016/01/29 09:09:13 [trace] [system.db.CDbCommand] Querying SQL: SHOW CREATE TABLE `html`
in E:\Project\mobileplus\mobileplus\protected\controllers\web\AboutController.php (5)
in E:\Project\mobileplus\mobileplus\index_dev_123312.php (14)
2016/01/29 09:09:13 [trace] [system.db.CDbCommand] Querying SQL: SELECT * FROM `html` `t` WHERE `t`.`id`=1 LIMIT 1
in E:\Project\mobileplus\mobileplus\protected\controllers\web\AboutController.php (5)
in E:\Project\mobileplus\mobileplus\index_dev_123312.php (14)
2016/01/29 09:09:13 [trace] [system.CModule] Loading "themeManager" application component
in E:\Project\mobileplus\mobileplus\protected\components\web\Controller.php (38)
in E:\Project\mobileplus\mobileplus\protected\controllers\web\AboutController.php (6)
in E:\Project\mobileplus\mobileplus\index_dev_123312.php (14)
2016/01/29 09:09:13 [trace] [system.CModule] Loading "widgetFactory" application component
in E:\Project\mobileplus\mobileplus\protected\views\web\layouts\2column.php (1)
in E:\Project\mobileplus\mobileplus\protected\components\web\Controller.php (38)
in E:\Project\mobileplus\mobileplus\protected\controllers\web\AboutController.php (6)
2016/01/29 09:09:13 [trace] [system.CModule] Loading "SEO" application component
in E:\Project\mobileplus\mobileplus\protected\views\web\layouts\_header.php (15)
in E:\Project\mobileplus\mobileplus\protected\views\web\layouts\main.php (1)
in E:\Project\mobileplus\mobileplus\protected\views\web\layouts\2column.php (10)
2016/01/29 09:09:13 [trace] [system.CModule] Loading "messages" application component
in E:\Project\mobileplus\mobileplus\protected\views\web\layouts\_header.php (16)
in E:\Project\mobileplus\mobileplus\protected\views\web\layouts\main.php (1)
in E:\Project\mobileplus\mobileplus\protected\views\web\layouts\2column.php (10)
2016/01/29 09:09:13 [trace] [system.CModule] Loading "clientScript" application component
in E:\Project\mobileplus\mobileplus\protected\views\web\layouts\_header.php (20)
in E:\Project\mobileplus\mobileplus\protected\views\web\layouts\main.php (1)
in E:\Project\mobileplus\mobileplus\protected\views\web\layouts\2column.php (10)
2016/01/29 09:09:13 [trace] [system.CModule] Loading "assetManager" application component
in E:\Project\mobileplus\mobileplus\protected\components\web\Controller.php (38)
in E:\Project\mobileplus\mobileplus\protected\controllers\web\AboutController.php (6)
in E:\Project\mobileplus\mobileplus\index_dev_123312.php (14)
2016/01/29 09:09:13 [trace] [system.CModule] Loading "log" application component
in E:\Project\mobileplus\mobileplus\index_dev_123312.php (14)
2016/01/29 09:09:13 [trace] [system.CModule] Loading "request" application component
in E:\Project\mobileplus\mobileplus\index_dev_123312.php (14)
2016/01/29 09:09:13 [trace] [system.CModule] Loading "urlManager" application component
in E:\Project\mobileplus\mobileplus\index_dev_123312.php (14)
2016/01/29 09:09:13 [trace] [system.CModule] Loading "themeManager" application component
in E:\Project\mobileplus\mobileplus\protected\components\web\Controller.php (38)
in E:\Project\mobileplus\mobileplus\protected\controllers\web\ContactController.php (43)
in E:\Project\mobileplus\mobileplus\index_dev_123312.php (14)
2016/01/29 09:09:13 [trace] [system.CModule] Loading "widgetFactory" application component
in E:\Project\mobileplus\mobileplus\protected\views\web\layouts\2column.php (1)
in E:\Project\mobileplus\mobileplus\protected\components\web\Controller.php (38)
in E:\Project\mobileplus\mobileplus\protected\controllers\web\ContactController.php (43)
2016/01/29 09:09:13 [trace] [system.CModule] Loading "SEO" application component
in E:\Project\mobileplus\mobileplus\protected\views\web\layouts\_header.php (15)
in E:\Project\mobileplus\mobileplus\protected\views\web\layouts\main.php (1)
in E:\Project\mobileplus\mobileplus\protected\views\web\layouts\2column.php (10)
2016/01/29 09:09:13 [trace] [system.CModule] Loading "messages" application component
in E:\Project\mobileplus\mobileplus\protected\views\web\layouts\_header.php (16)
in E:\Project\mobileplus\mobileplus\protected\views\web\layouts\main.php (1)
in E:\Project\mobileplus\mobileplus\protected\views\web\layouts\2column.php (10)
2016/01/29 09:09:13 [trace] [system.CModule] Loading "clientScript" application component
in E:\Project\mobileplus\mobileplus\protected\views\web\layouts\_header.php (20)
in E:\Project\mobileplus\mobileplus\protected\views\web\layouts\main.php (1)
in E:\Project\mobileplus\mobileplus\protected\views\web\layouts\2column.php (10)
2016/01/29 09:09:13 [trace] [system.CModule] Loading "assetManager" application component
in E:\Project\mobileplus\mobileplus\protected\components\web\Controller.php (38)
in E:\Project\mobileplus\mobileplus\protected\controllers\web\ContactController.php (43)
in E:\Project\mobileplus\mobileplus\index_dev_123312.php (14)
2016/01/29 09:11:51 [error] [exception.CException] exception 'CException' with message 'CAssetManager.basePath "E:\Project\mobileplus\mobileplus\admin\assets" is invalid. Please make sure the directory exists and is writable by the Web server process.' in C:\xampp\php\pear\yii\framework\web\CAssetManager.php:138
Stack trace:
#0 C:\xampp\php\pear\yii\framework\web\CAssetManager.php(123): CAssetManager->setBasePath('E:\\Project\\mobi...')
#1 C:\xampp\php\pear\yii\framework\web\CAssetManager.php(217): CAssetManager->getBasePath()
#2 C:\xampp\php\pear\yii\framework\web\CClientScript.php(511): CAssetManager->publish('C:\\xampp\\php\\pe...')
#3 C:\xampp\php\pear\yii\framework\web\CClientScript.php(548): CClientScript->getCoreScriptUrl()
#4 C:\xampp\php\pear\yii\framework\web\CClientScript.php(349): CClientScript->getPackageBaseUrl('jquery')
#5 C:\xampp\php\pear\yii\framework\web\CClientScript.php(208): CClientScript->renderCoreScripts()
#6 C:\xampp\php\pear\yii\framework\web\CController.php(351): CClientScript->render('<!DOCTYPE html ...')
#7 C:\xampp\php\pear\yii\framework\web\CController.php(788): CController->processOutput('<!DOCTYPE html ...')
#8 E:\Project\mobileplus\mobileplus\protected\controllers\admin\AdminController.php(90): CController->render('login', Array)
#9 C:\xampp\php\pear\yii\framework\web\actions\CInlineAction.php(49): AdminController->actionLogin()
#10 C:\xampp\php\pear\yii\framework\web\CController.php(308): CInlineAction->runWithParams(Array)
#11 C:\xampp\php\pear\yii\framework\web\CController.php(286): CController->runAction(Object(CInlineAction))
#12 C:\xampp\php\pear\yii\framework\web\CController.php(265): CController->runActionWithFilters(Object(CInlineAction), Array)
#13 C:\xampp\php\pear\yii\framework\web\CWebApplication.php(282): CController->run('login')
#14 C:\xampp\php\pear\yii\framework\web\CWebApplication.php(141): CWebApplication->runController('admin/login')
#15 C:\xampp\php\pear\yii\framework\base\CApplication.php(184): CWebApplication->processRequest()
#16 E:\Project\mobileplus\mobileplus\admin\index.php(17): CApplication->run()
#17 {main}
REQUEST_URI=/admin/index.php?r=admin/login
---
2016/01/29 10:55:10 [error] [system.db.CDbCommand] CDbCommand::fetchAll() failed: SQLSTATE[42S02]: Base table or view not found: 1146 Table 'mobileplus.product' doesn't exist. The SQL statement executed was: SHOW FULL COLUMNS FROM `product`.
2016/01/29 10:55:10 [error] [exception.CDbException] exception 'CDbException' with message 'The table "product" for active record class "ProductModel" cannot be found in the database.' in C:\xampp\php\pear\yii\framework\db\ar\CActiveRecord.php:2385
Stack trace:
#0 C:\xampp\php\pear\yii\framework\db\ar\CActiveRecord.php(411): CActiveRecordMetaData->__construct(Object(ProductModel))
#1 C:\xampp\php\pear\yii\framework\db\ar\CActiveRecord.php(79): CActiveRecord->getMetaData()
#2 E:\Project\mobileplus\mobileplus\protected\controllers\admin\ProductController.php(22): CActiveRecord->__construct('search')
#3 C:\xampp\php\pear\yii\framework\web\actions\CInlineAction.php(49): ProductController->actionIndex()
#4 C:\xampp\php\pear\yii\framework\web\CController.php(308): CInlineAction->runWithParams(Array)
#5 C:\xampp\php\pear\yii\framework\web\CController.php(286): CController->runAction(Object(CInlineAction))
#6 C:\xampp\php\pear\yii\framework\web\CController.php(265): CController->runActionWithFilters(Object(CInlineAction), Array)
#7 C:\xampp\php\pear\yii\framework\web\CWebApplication.php(282): CController->run('index')
#8 C:\xampp\php\pear\yii\framework\web\CWebApplication.php(141): CWebApplication->runController('product/index')
#9 C:\xampp\php\pear\yii\framework\base\CApplication.php(184): CWebApplication->processRequest()
#10 E:\Project\mobileplus\mobileplus\admin\index.php(17): CApplication->run()
#11 {main}
REQUEST_URI=/admin/index.php?r=product/index
HTTP_REFERER=http://mobile.lc/admin/index.php?r=newsEvent/index
---
2016/01/29 14:31:42 [error] [exception.CException] exception 'CException' with message 'Property "CDbCriteria.product_id" is not defined.' in C:\xampp\php\pear\yii\framework\base\CComponent.php:173
Stack trace:
#0 C:\xampp\php\pear\yii\framework\db\schema\CDbCriteria.php(160): CComponent->__set('product_id', '1')
#1 C:\xampp\php\pear\yii\framework\db\schema\CDbCommandBuilder.php(588): CDbCriteria->__construct(Array)
#2 C:\xampp\php\pear\yii\framework\db\ar\CActiveRecord.php(1821): CDbCommandBuilder->createCriteria(Array, Array)
#3 E:\Project\mobileplus\mobileplus\protected\controllers\admin\ProductController.php(103): CActiveRecord->deleteAll(Array)
#4 [internal function]: ProductController->actionUpdate('1')
#5 C:\xampp\php\pear\yii\framework\web\actions\CAction.php(109): ReflectionMethod->invokeArgs(Object(ProductController), Array)
#6 C:\xampp\php\pear\yii\framework\web\actions\CInlineAction.php(47): CAction->runWithParamsInternal(Object(ProductController), Object(ReflectionMethod), Array)
#7 C:\xampp\php\pear\yii\framework\web\CController.php(308): CInlineAction->runWithParams(Array)
#8 C:\xampp\php\pear\yii\framework\web\CController.php(286): CController->runAction(Object(CInlineAction))
#9 C:\xampp\php\pear\yii\framework\web\CController.php(265): CController->runActionWithFilters(Object(CInlineAction), Array)
#10 C:\xampp\php\pear\yii\framework\web\CWebApplication.php(282): CController->run('update')
#11 C:\xampp\php\pear\yii\framework\web\CWebApplication.php(141): CWebApplication->runController('product/update')
#12 C:\xampp\php\pear\yii\framework\base\CApplication.php(184): CWebApplication->processRequest()
#13 E:\Project\mobileplus\mobileplus\admin\index.php(17): CApplication->run()
#14 {main}
REQUEST_URI=/admin/index.php?r=product/update&id=1
HTTP_REFERER=http://mobile.lc/admin/index.php?r=product/update&id=1
---
2016/01/29 15:03:14 [error] [exception.CHttpException.400] exception 'CHttpException' with message 'The CSRF token could not be verified.' in E:\Project\mobileplus\mobileplus\protected\components\admin\HttpRequest.php:42
Stack trace:
#0 C:\xampp\php\pear\yii\framework\base\CComponent.php(561): HttpRequest->validateCsrfToken(Object(CEvent))
#1 C:\xampp\php\pear\yii\framework\base\CApplication.php(211): CComponent->raiseEvent('onBeginRequest', Object(CEvent))
#2 C:\xampp\php\pear\yii\framework\base\CApplication.php(182): CApplication->onBeginRequest(Object(CEvent))
#3 E:\Project\mobileplus\mobileplus\admin\index.php(17): CApplication->run()
#4 {main}
REQUEST_URI=/admin/index.php?r=product/deleteImg
HTTP_REFERER=http://mobile.lc/admin/index.php?r=product/update&id=1
---
2016/01/29 15:07:15 [error] [exception.CHttpException.400] exception 'CHttpException' with message 'The CSRF token could not be verified.' in E:\Project\mobileplus\mobileplus\protected\components\admin\HttpRequest.php:42
Stack trace:
#0 C:\xampp\php\pear\yii\framework\base\CComponent.php(561): HttpRequest->validateCsrfToken(Object(CEvent))
#1 C:\xampp\php\pear\yii\framework\base\CApplication.php(211): CComponent->raiseEvent('onBeginRequest', Object(CEvent))
#2 C:\xampp\php\pear\yii\framework\base\CApplication.php(182): CApplication->onBeginRequest(Object(CEvent))
#3 E:\Project\mobileplus\mobileplus\admin\index.php(17): CApplication->run()
#4 {main}
REQUEST_URI=/admin/index.php?r=product/deleteImg
HTTP_REFERER=http://mobile.lc/admin/index.php?r=product/update&id=1
---
